[ 2017-06-28T22:33:21+08:00 ] 127.0.0.1 /weicmsClear/index.php
ERR: SQLSTATE[HY000] [2002] ”…”⁄ƒø±Íº∆À„ª˙ª˝º´æ‹æ¯£¨Œﬁ∑®¡¨Ω”°£


[ 2017-06-28T22:33:29+08:00 ] 127.0.0.1 /weicmsClear/index.php
SQL: SELECT `value` FROM `bxlm_config` WHERE ( name="FOLLOW_YOUKE_UID" ) LIMIT 1   [ RunTime:0.0081s ]
SQL: UPDATE `bxlm_config` SET `value`='-82' WHERE ( name="FOLLOW_YOUKE_UID" ) [ RunTime:0.0007s ]
NOTIC: [8] Undefined index: uid D:\PHP\weicmsClear\ThinkPHP\Library\Think\Controller.class.php Á¨¨ 524 Ë°å.
SQL: SHOW COLUMNS FROM `bxlm_auth_group_access` [ RunTime:0.0013s ]
SQL: SELECT a.uid,a.group_id,g.title,g.rules FROM bxlm_auth_group_access a INNER JOIN bxlm_auth_group g on a.group_id=g.id  WHERE ( a.uid='-82' and g.status='1' )  [ RunTime:0.0010s ]
SQL: SELECT `id`,`token` FROM `bxlm_public`  [ RunTime:0.0009s ]
NOTIC: [2] Invalid argument supplied for foreach() D:\PHP\weicmsClear\Application\Common\Model\PublicModel.class.php Á¨¨ 31 Ë°å.
NOTIC: [8] Undefined index: addon_status D:\PHP\weicmsClear\Application\Common\Model\AddonStatusModel.class.php Á¨¨ 47 Ë°å.
NOTIC: [8] Undefined index: group_id D:\PHP\weicmsClear\Application\Common\Model\AddonStatusModel.class.php Á¨¨ 50 Ë°å.
NOTIC: [8] Undefined variable: addons D:\PHP\weicmsClear\Application\Common\Common\function.php Á¨¨ 501 Ë°å.
NOTIC: [8] Undefined variable: addons D:\PHP\weicmsClear\Application\Common\Common\function.php Á¨¨ 501 Ë°å.
NOTIC: [8] Undefined variable: addons D:\PHP\weicmsClear\Application\Common\Common\function.php Á¨¨ 501 Ë°å.
SQL: SELECT * FROM `bxlm_manager_menu` WHERE `uid` = 0 AND `is_hide` = 0 ORDER BY sort asc, id asc  [ RunTime:0.0011s ]
SQL: SELECT * FROM `bxlm_manager_menu` WHERE `uid` = 1 AND `is_hide` = 0 ORDER BY sort asc, id asc  [ RunTime:0.0004s ]
NOTIC: [8] Undefined variable: addons D:\PHP\weicmsClear\Application\Common\Common\function.php Á¨¨ 501 Ë°å.
NOTIC: [8] Undefined variable: addons D:\PHP\weicmsClear\Application\Common\Common\function.php Á¨¨ 501 Ë°å.
NOTIC: [8] Undefined variable: addons D:\PHP\weicmsClear\Application\Common\Common\function.php Á¨¨ 501 Ë°å.
NOTIC: [8] Undefined index: HTTP_REFERER D:\PHP\weicmsClear\Application\Common\Model\ManagerMenuModel.class.php Á¨¨ 139 Ë°å.
SQL: SELECT * FROM `bxlm_public_link` WHERE `uid` = 0  [ RunTime:0.0123s ]
NOTIC: [2] Invalid argument supplied for foreach() D:\PHP\weicmsClear\Application\Common\Model\PublicModel.class.php Á¨¨ 48 Ë°å.
NOTIC: [8] Undefined variable: res D:\PHP\weicmsClear\Application\Common\Model\PublicModel.class.php Á¨¨ 52 Ë°å.

[ 2017-06-28T22:33:31+08:00 ] 127.0.0.1 /weicmsClear/index.php?s=/Home/User/login/from/1.html
NOTIC: [8] Undefined index: uid D:\PHP\weicmsClear\ThinkPHP\Library\Think\Controller.class.php Á¨¨ 524 Ë°å.
SQL: SHOW COLUMNS FROM `bxlm_auth_group_access` [ RunTime:0.0008s ]
SQL: SELECT a.uid,a.group_id,g.title,g.rules FROM bxlm_auth_group_access a INNER JOIN bxlm_auth_group g on a.group_id=g.id  WHERE ( a.uid='-82' and g.status='1' )  [ RunTime:0.0005s ]
SQL: SELECT `id`,`token` FROM `bxlm_public`  [ RunTime:0.0005s ]
NOTIC: [2] Invalid argument supplied for foreach() D:\PHP\weicmsClear\Application\Common\Model\PublicModel.class.php Á¨¨ 31 Ë°å.
NOTIC: [8] Undefined index: addon_status D:\PHP\weicmsClear\Application\Common\Model\AddonStatusModel.class.php Á¨¨ 47 Ë°å.
NOTIC: [8] Undefined index: group_id D:\PHP\weicmsClear\Application\Common\Model\AddonStatusModel.class.php Á¨¨ 50 Ë°å.
NOTIC: [8] Undefined variable: addons D:\PHP\weicmsClear\Application\Common\Common\function.php Á¨¨ 501 Ë°å.
NOTIC: [8] Undefined variable: addons D:\PHP\weicmsClear\Application\Common\Common\function.php Á¨¨ 501 Ë°å.
NOTIC: [8] Undefined variable: addons D:\PHP\weicmsClear\Application\Common\Common\function.php Á¨¨ 501 Ë°å.
SQL: SELECT * FROM `bxlm_manager_menu` WHERE `uid` = -82 AND `is_hide` = 0 ORDER BY sort asc, id asc  [ RunTime:0.0006s ]
SQL: SELECT * FROM `bxlm_manager_menu` WHERE `uid` = 1 AND `is_hide` = 0 ORDER BY sort asc, id asc  [ RunTime:0.0003s ]
NOTIC: [8] Undefined variable: addons D:\PHP\weicmsClear\Application\Common\Common\function.php Á¨¨ 501 Ë°å.
NOTIC: [8] Undefined variable: addons D:\PHP\weicmsClear\Application\Common\Common\function.php Á¨¨ 501 Ë°å.
NOTIC: [8] Undefined variable: addons D:\PHP\weicmsClear\Application\Common\Common\function.php Á¨¨ 501 Ë°å.
NOTIC: [8] Undefined index: HTTP_REFERER D:\PHP\weicmsClear\Application\Common\Model\ManagerMenuModel.class.php Á¨¨ 139 Ë°å.
SQL: SELECT * FROM `bxlm_public_link` WHERE `uid` = -82  [ RunTime:0.0004s ]
NOTIC: [2] Invalid argument supplied for foreach() D:\PHP\weicmsClear\Application\Common\Model\PublicModel.class.php Á¨¨ 48 Ë°å.
NOTIC: [8] Undefined variable: res D:\PHP\weicmsClear\Application\Common\Model\PublicModel.class.php Á¨¨ 52 Ë°å.
SQL: SELECT `id`,`qr_code`,`addon`,`aim_id`,`cTime`,`token`,`action_name`,`extra_text`,`extra_int`,`request_count`,`scene_id`,`expire_seconds` FROM `bxlm_qr_code` WHERE `addon` = 'ScanLogin' AND `extra_text` = '5953be3972034' LIMIT 1   [ RunTime:0.0009s ]
SQL: SELECT `id`,`token` FROM `bxlm_public`  [ RunTime:0.0003s ]
NOTIC: [2] Invalid argument supplied for foreach() D:\PHP\weicmsClear\Application\Common\Model\PublicModel.class.php Á¨¨ 31 Ë°å.
NOTIC: [8] Undefined index: appid D:\PHP\weicmsClear\Application\Home\Model\QrCodeModel.class.php Á¨¨ 28 Ë°å.
NOTIC: [8] Undefined index: secret D:\PHP\weicmsClear\Application\Home\Model\QrCodeModel.class.php Á¨¨ 29 Ë°å.
SQL: SELECT `id`,`token` FROM `bxlm_public`  [ RunTime:0.0003s ]
NOTIC: [2] Invalid argument supplied for foreach() D:\PHP\weicmsClear\Application\Common\Model\PublicModel.class.php Á¨¨ 31 Ë°å.
NOTIC: [8] Undefined index: is_bind D:\PHP\weicmsClear\Application\Common\Common\function.php Á¨¨ 1554 Ë°å.
NOTIC: [8] Undefined index: appid D:\PHP\weicmsClear\Application\Common\Common\function.php Á¨¨ 1557 Ë°å.
NOTIC: [8] Undefined index: secret D:\PHP\weicmsClear\Application\Common\Common\function.php Á¨¨ 1557 Ë°å.
NOTIC: [2] file_get_contents(): Unable to find the wrapper &quot;https&quot; - did you forget to enable it when you configured PHP? D:\PHP\weicmsClear\Application\Common\Common\function.php Á¨¨ 1787 Ë°å.
NOTIC: [2] file_get_contents(https://api.weixin.qq.com/cgi-bin/getcallbackip?access_token=0): failed to open stream: No such file or directory D:\PHP\weicmsClear\Application\Common\Common\function.php Á¨¨ 1787 Ë°å.
SQL: SELECT `scene_id` FROM `bxlm_qr_code` WHERE ( action_name='QR_SCENE' ) ORDER BY scene_id desc LIMIT 1   [ RunTime:0.0003s ]
SQL: INSERT INTO `bxlm_weixin_log` (`cTime`,`cTime_format`,`data`,`data_post`) VALUES ('1498660411','2017-06-28 22:33:31','a:2:{s:7:\"errcode\";i:40001;s:6:\"errmsg\";s:81:\"invalid credential, access_token is invalid or not latest hint: [Jm7.ea0409vr57!]\";}','qrcode_error') [ RunTime:0.0234s ]
INFO: [ view_parse ] --START--
INFO: [ template_filter ] --START--
INFO: Run Behavior\ContentReplaceBehavior [ RunTime:0.000147s ]
INFO: [ template_filter ] --END-- [ RunTime:0.000201s ]
INFO: Run Behavior\ParseTemplateBehavior [ RunTime:0.081449s ]
INFO: [ view_parse ] --END-- [ RunTime:0.081489s ]
INFO: [ view_filter ] --START--
INFO: Run Behavior\WriteHtmlCacheBehavior [ RunTime:0.009840s ]
INFO: [ view_filter ] --END-- [ RunTime:0.009886s ]
INFO: [ app_end ] --START--
INFO: Run Behavior\ShowPageTraceBehavior [ RunTime:0.001527s ]
INFO: [ app_end ] --END-- [ RunTime:0.001602s ]

[ 2017-06-28T22:33:32+08:00 ] 127.0.0.1 /weicmsClear/index.php?s=/Home/User/login/from/1.html
INFO: [ app_init ] --START--
INFO: Run Behavior\BuildLiteBehavior [ RunTime:0.000012s ]
INFO: Run Common\Behavior\InitHookBehavior [ RunTime:0.002986s ]
INFO: [ app_init ] --END-- [ RunTime:0.003415s ]
INFO: [ app_begin ] --START--
INFO: Run Behavior\ReadHtmlCacheBehavior [ RunTime:0.000762s ]
INFO: [ app_begin ] --END-- [ RunTime:0.000797s ]
NOTIC: [8] Undefined index: uid D:\PHP\weicmsClear\ThinkPHP\Library\Think\Controller.class.php Á¨¨ 524 Ë°å.
SQL: SELECT `uid`,`nickname`,`password`,`truename`,`mobile`,`email`,`sex`,`headimgurl`,`city`,`province`,`country`,`language`,`score`,`experience`,`unionid`,`login_count`,`reg_ip`,`reg_time`,`last_login_ip`,`last_login_time`,`status`,`is_init`,`is_audit`,`subscribe_time`,`remark`,`groupid`,`come_from`,`login_name`,`login_password`,`manager_id`,`level`,`membership`,`money` FROM `bxlm_user` WHERE `login_name` = 'admin' LIMIT 1   [ RunTime:0.0104s ]
SQL: SELECT * FROM `bxlm_action` WHERE `name` = 'user_login' LIMIT 1   [ RunTime:0.0071s ]
SQL: UPDATE `bxlm_user` SET `login_count`=`login_count`+1,`last_login_time`='1498660412',`last_login_ip`='2130706433' WHERE `uid` = 1 [ RunTime:0.0009s ]

[ 2017-06-28T22:33:32+08:00 ] 127.0.0.1 /weicmsClear/index.php?s=/Home/Index/index.html
SQL: SELECT * FROM `bxlm_user` WHERE `uid` = 1 LIMIT 1   [ RunTime:0.0006s ]
SQL: SELECT `uid`,`has_public`,`headface_url`,`GammaAppId`,`GammaSecret`,`copy_right`,`tongji_code`,`website_logo` FROM `bxlm_manager` WHERE ( uid='1' ) LIMIT 1   [ RunTime:0.0103s ]
SQL: SHOW COLUMNS FROM `bxlm_auth_group_access` [ RunTime:0.0019s ]
SQL: SELECT a.group_id,g.title,g.type,g.icon FROM bxlm_auth_group_access a INNER JOIN bxlm_auth_group g on a.group_id=g.id  WHERE ( a.uid='1' and g.status='1' )  [ RunTime:0.0069s ]
SQL: SELECT `openid`,`token`,`uid`,`has_subscribe`,`syc_status`,`remark` FROM `bxlm_public_follow` WHERE ( uid='1' )  [ RunTime:0.0008s ]
NOTIC: [2] Invalid argument supplied for foreach() D:\PHP\weicmsClear\Application\Common\Model\UserModel.class.php Á¨¨ 251 Ë°å.
NOTIC: [8] Undefined index:  D:\PHP\weicmsClear\Application\Common\Model\UserModel.class.php Á¨¨ 271 Ë°å.
NOTIC: [8] Undefined index:  D:\PHP\weicmsClear\Application\Common\Model\UserModel.class.php Á¨¨ 272 Ë°å.
NOTIC: [8192] preg_replace(): The /e modifier is deprecated, use preg_replace_callback instead D:\PHP\weicmsClear\Application\Common\Common\function.php Á¨¨ 3285 Ë°å.
NOTIC: [8] Undefined variable: txt D:\PHP\weicmsClear\Application\Common\Common\function.php Á¨¨ 3294 Ë°å.
SQL: SELECT `tag_id` FROM `bxlm_user_tag_link` WHERE `uid` = 1  [ RunTime:0.0010s ]
NOTIC: [8] Undefined index: uid D:\PHP\weicmsClear\ThinkPHP\Library\Think\Controller.class.php Á¨¨ 524 Ë°å.
SQL: SELECT `id`,`token` FROM `bxlm_public`  [ RunTime:0.0005s ]
NOTIC: [2] Invalid argument supplied for foreach() D:\PHP\weicmsClear\Application\Common\Model\PublicModel.class.php Á¨¨ 31 Ë°å.
NOTIC: [8] Undefined index: addon_status D:\PHP\weicmsClear\Application\Common\Model\AddonStatusModel.class.php Á¨¨ 47 Ë°å.
NOTIC: [8] Undefined index: group_id D:\PHP\weicmsClear\Application\Common\Model\AddonStatusModel.class.php Á¨¨ 50 Ë°å.
NOTIC: [8] Undefined variable: addons D:\PHP\weicmsClear\Application\Common\Common\function.php Á¨¨ 501 Ë°å.
NOTIC: [8] Undefined variable: addons D:\PHP\weicmsClear\Application\Common\Common\function.php Á¨¨ 501 Ë°å.
NOTIC: [8] Undefined variable: addons D:\PHP\weicmsClear\Application\Common\Common\function.php Á¨¨ 501 Ë°å.
SQL: SELECT * FROM `bxlm_manager_menu` WHERE `uid` = 1 AND `is_hide` = 0 ORDER BY sort asc, id asc  [ RunTime:0.0007s ]
NOTIC: [8] Undefined variable: addons D:\PHP\weicmsClear\Application\Common\Common\function.php Á¨¨ 501 Ë°å.
NOTIC: [8] Undefined variable: addons D:\PHP\weicmsClear\Application\Common\Common\function.php Á¨¨ 501 Ë°å.
NOTIC: [8] Undefined variable: addons D:\PHP\weicmsClear\Application\Common\Common\function.php Á¨¨ 501 Ë°å.
SQL: SELECT * FROM `bxlm_public_link` WHERE `uid` = 1  [ RunTime:0.0004s ]
NOTIC: [2] Invalid argument supplied for foreach() D:\PHP\weicmsClear\Application\Common\Model\PublicModel.class.php Á¨¨ 48 Ë°å.
NOTIC: [8] Undefined variable: res D:\PHP\weicmsClear\Application\Common\Model\PublicModel.class.php Á¨¨ 52 Ë°å.
SQL: SELECT * FROM `bxlm_user` WHERE `uid` = 1 LIMIT 1   [ RunTime:0.0003s ]

[ 2017-06-28T22:33:32+08:00 ] 127.0.0.1 /weicmsClear/index.php?s=/home/index/main.html
NOTIC: [8] Undefined index: uid D:\PHP\weicmsClear\ThinkPHP\Library\Think\Controller.class.php Á¨¨ 524 Ë°å.
SQL: SELECT `id`,`token` FROM `bxlm_public`  [ RunTime:0.0011s ]
NOTIC: [2] Invalid argument supplied for foreach() D:\PHP\weicmsClear\Application\Common\Model\PublicModel.class.php Á¨¨ 31 Ë°å.
NOTIC: [8] Undefined index: addon_status D:\PHP\weicmsClear\Application\Common\Model\AddonStatusModel.class.php Á¨¨ 47 Ë°å.
NOTIC: [8] Undefined index: group_id D:\PHP\weicmsClear\Application\Common\Model\AddonStatusModel.class.php Á¨¨ 50 Ë°å.
NOTIC: [8] Undefined variable: addons D:\PHP\weicmsClear\Application\Common\Common\function.php Á¨¨ 501 Ë°å.
NOTIC: [8] Undefined variable: addons D:\PHP\weicmsClear\Application\Common\Common\function.php Á¨¨ 501 Ë°å.
NOTIC: [8] Undefined variable: addons D:\PHP\weicmsClear\Application\Common\Common\function.php Á¨¨ 501 Ë°å.
SQL: SELECT * FROM `bxlm_manager_menu` WHERE `uid` = 1 AND `is_hide` = 0 ORDER BY sort asc, id asc  [ RunTime:0.0007s ]
NOTIC: [8] Undefined variable: addons D:\PHP\weicmsClear\Application\Common\Common\function.php Á¨¨ 501 Ë°å.
NOTIC: [8] Undefined variable: addons D:\PHP\weicmsClear\Application\Common\Common\function.php Á¨¨ 501 Ë°å.
NOTIC: [8] Undefined variable: addons D:\PHP\weicmsClear\Application\Common\Common\function.php Á¨¨ 501 Ë°å.
SQL: SELECT * FROM `bxlm_public_link` WHERE `uid` = 1  [ RunTime:0.0004s ]
NOTIC: [2] Invalid argument supplied for foreach() D:\PHP\weicmsClear\Application\Common\Model\PublicModel.class.php Á¨¨ 48 Ë°å.
NOTIC: [8] Undefined variable: res D:\PHP\weicmsClear\Application\Common\Model\PublicModel.class.php Á¨¨ 52 Ë°å.
SQL: SELECT * FROM `bxlm_addons` WHERE `status` = 1 ORDER BY id DESC  [ RunTime:0.0114s ]
SQL: SELECT `id`,`token` FROM `bxlm_public`  [ RunTime:0.0002s ]
NOTIC: [2] Invalid argument supplied for foreach() D:\PHP\weicmsClear\Application\Common\Model\PublicModel.class.php Á¨¨ 31 Ë°å.
NOTIC: [8] Undefined index: addon_status D:\PHP\weicmsClear\Application\Common\Model\AddonStatusModel.class.php Á¨¨ 47 Ë°å.
NOTIC: [8] Undefined index: group_id D:\PHP\weicmsClear\Application\Common\Model\AddonStatusModel.class.php Á¨¨ 50 Ë°å.
NOTIC: [8] Undefined index: id D:\PHP\weicmsClear\Application\Common\Model\AddonStatusModel.class.php Á¨¨ 69 Ë°å.
SQL: SELECT `addon_status` FROM `bxlm_public_link` WHERE `uid` = 1 AND `mp_id` = null LIMIT 1   [ RunTime:0.0003s ]
NOTIC: [8] Undefined variable: addons D:\PHP\weicmsClear\Application\Common\Common\function.php Á¨¨ 501 Ë°å.
NOTIC: [8] Undefined variable: addons D:\PHP\weicmsClear\Application\Common\Common\function.php Á¨¨ 501 Ë°å.
NOTIC: [8] Undefined variable: addons D:\PHP\weicmsClear\Application\Common\Common\function.php Á¨¨ 501 Ë°å.
SQL: SHOW COLUMNS FROM `bxlm_public_follow` [ RunTime:0.0012s ]
SQL: SELECT COUNT(*) AS tp_count FROM bxlm_public_follow as f WHERE f.token = '-1' AND f.has_subscribe = 1 LIMIT 1   [ RunTime:0.0004s ]
SQL: SHOW COLUMNS FROM `bxlm_public_follow` [ RunTime:0.0011s ]
SQL: SELECT COUNT(*) AS tp_count FROM bxlm_public_follow as f INNER JOIN bxlm_user as u ON f.uid=u.uid  WHERE `status` = 1 AND f.token = '-1' AND f.has_subscribe = 1 AND u.reg_time > 1498579200 LIMIT 1   [ RunTime:0.0007s ]
SQL: SHOW COLUMNS FROM `bxlm_public_follow` [ RunTime:0.0006s ]
SQL: SELECT COUNT(*) AS tp_count FROM bxlm_public_follow as f INNER JOIN bxlm_user as u ON f.uid=u.uid  WHERE `status` = 1 AND f.token = '-1' AND f.has_subscribe = 1 AND u.reg_time > 1498492800 LIMIT 1   [ RunTime:0.0004s ]
SQL: SELECT * FROM `bxlm_system_notice` ORDER BY id desc LIMIT 5   [ RunTime:0.0009s ]
INFO: [ view_parse ] --START--
INFO: [ template_filter ] --START--
INFO: Run Behavior\ContentReplaceBehavior [ RunTime:0.000196s ]
INFO: [ template_filter ] --END-- [ RunTime:0.000240s ]
NOTIC: [8] Use of undefined constant website_logo - assumed 'website_logo' D:\PHP\weicmsClear\Runtime\Cache\Home\413161ce60857f3111b8e40283dda29e.php Á¨¨ 58 Ë°å.
NOTIC: [8] Use of undefined constant is_audit - assumed 'is_audit' D:\PHP\weicmsClear\Runtime\Cache\Home\413161ce60857f3111b8e40283dda29e.php Á¨¨ 72 Ë°å.
NOTIC: [8] Use of undefined constant headimgurl - assumed 'headimgurl' D:\PHP\weicmsClear\Runtime\Cache\Home\413161ce60857f3111b8e40283dda29e.php Á¨¨ 82 Ë°å.
NOTIC: [8] Undefined variable: output D:\PHP\weicmsClear\Application\Common\Common\function.php Á¨¨ 1756 Ë°å.
NOTIC: [8] Undefined variable: addons D:\PHP\weicmsClear\Application\Common\Common\function.php Á¨¨ 501 Ë°å.
NOTIC: [8] Undefined variable: addons D:\PHP\weicmsClear\Application\Common\Common\function.php Á¨¨ 501 Ë°å.
NOTIC: [8] Undefined variable: addons D:\PHP\weicmsClear\Application\Common\Common\function.php Á¨¨ 501 Ë°å.
NOTIC: [8] Undefined index: action D:\PHP\weicmsClear\Runtime\Cache\Home\413161ce60857f3111b8e40283dda29e.php Á¨¨ 152 Ë°å.
NOTIC: [8] Undefined index: action D:\PHP\weicmsClear\Runtime\Cache\Home\413161ce60857f3111b8e40283dda29e.php Á¨¨ 152 Ë°å.
NOTIC: [8] Undefined index: action D:\PHP\weicmsClear\Runtime\Cache\Home\413161ce60857f3111b8e40283dda29e.php Á¨¨ 152 Ë°å.
NOTIC: [8] Undefined index: action D:\PHP\weicmsClear\Runtime\Cache\Home\413161ce60857f3111b8e40283dda29e.php Á¨¨ 152 Ë°å.
NOTIC: [8] Undefined index: action D:\PHP\weicmsClear\Runtime\Cache\Home\413161ce60857f3111b8e40283dda29e.php Á¨¨ 152 Ë°å.
NOTIC: [8] Undefined variable: tongji_code D:\PHP\weicmsClear\Runtime\Cache\Home\413161ce60857f3111b8e40283dda29e.php Á¨¨ 222 Ë°å.
INFO: Run Behavior\ParseTemplateBehavior [ RunTime:0.023951s ]
INFO: [ view_parse ] --END-- [ RunTime:0.023998s ]
INFO: [ view_filter ] --START--
INFO: Run Behavior\WriteHtmlCacheBehavior [ RunTime:0.000865s ]
INFO: [ view_filter ] --END-- [ RunTime:0.000925s ]
INFO: [ app_end ] --START--
INFO: Run Behavior\ShowPageTraceBehavior [ RunTime:0.001396s ]
INFO: [ app_end ] --END-- [ RunTime:0.001473s ]

[ 2017-06-28T22:33:36+08:00 ] 127.0.0.1 /weicmsClear/index.php?s=/addon/Job_list/Job_list/nulldeal.html
NOTIC: [8] Undefined index: uid D:\PHP\weicmsClear\ThinkPHP\Library\Think\Controller.class.php Á¨¨ 524 Ë°å.
SQL: SELECT `id`,`token` FROM `bxlm_public`  [ RunTime:0.0005s ]
NOTIC: [2] Invalid argument supplied for foreach() D:\PHP\weicmsClear\Application\Common\Model\PublicModel.class.php Á¨¨ 31 Ë°å.
NOTIC: [8] Undefined index: addon_status D:\PHP\weicmsClear\Application\Common\Model\AddonStatusModel.class.php Á¨¨ 47 Ë°å.
NOTIC: [8] Undefined index: group_id D:\PHP\weicmsClear\Application\Common\Model\AddonStatusModel.class.php Á¨¨ 50 Ë°å.
NOTIC: [8] Undefined variable: addons D:\PHP\weicmsClear\Application\Common\Common\function.php Á¨¨ 501 Ë°å.
NOTIC: [8] Undefined variable: addons D:\PHP\weicmsClear\Application\Common\Common\function.php Á¨¨ 501 Ë°å.
NOTIC: [8] Undefined variable: addons D:\PHP\weicmsClear\Application\Common\Common\function.php Á¨¨ 501 Ë°å.
SQL: SELECT * FROM `bxlm_manager_menu` WHERE `uid` = 1 AND `is_hide` = 0 ORDER BY sort asc, id asc  [ RunTime:0.0007s ]
NOTIC: [8] Undefined variable: addons D:\PHP\weicmsClear\Application\Common\Common\function.php Á¨¨ 501 Ë°å.
NOTIC: [8] Undefined variable: addons D:\PHP\weicmsClear\Application\Common\Common\function.php Á¨¨ 501 Ë°å.
NOTIC: [8] Undefined variable: addons D:\PHP\weicmsClear\Application\Common\Common\function.php Á¨¨ 501 Ë°å.
SQL: SELECT * FROM `bxlm_public_link` WHERE `uid` = 1  [ RunTime:0.0005s ]
NOTIC: [2] Invalid argument supplied for foreach() D:\PHP\weicmsClear\Application\Common\Model\PublicModel.class.php Á¨¨ 48 Ë°å.
NOTIC: [8] Undefined variable: res D:\PHP\weicmsClear\Application\Common\Model\PublicModel.class.php Á¨¨ 52 Ë°å.
ERR: Think\Controller:nulldealÊñπÊ≥ï‰∏çÂ≠òÂú®ÔºÅ

[ 2017-06-28T22:38:47+08:00 ] 127.0.0.1 /weicmsClear/index.php?s=/addon/Work/Work/lists.html&mdm=369
NOTIC: [8] Undefined index: uid D:\PHP\weicmsClear\ThinkPHP\Library\Think\Controller.class.php Á¨¨ 524 Ë°å.
SQL: SELECT `id`,`token` FROM `bxlm_public`  [ RunTime:0.0003s ]
NOTIC: [2] Invalid argument supplied for foreach() D:\PHP\weicmsClear\Application\Common\Model\PublicModel.class.php Á¨¨ 31 Ë°å.
NOTIC: [8] Undefined index: addon_status D:\PHP\weicmsClear\Application\Common\Model\AddonStatusModel.class.php Á¨¨ 47 Ë°å.
NOTIC: [8] Undefined index: group_id D:\PHP\weicmsClear\Application\Common\Model\AddonStatusModel.class.php Á¨¨ 50 Ë°å.
NOTIC: [8] Undefined variable: addons D:\PHP\weicmsClear\Application\Common\Common\function.php Á¨¨ 501 Ë°å.
NOTIC: [8] Undefined variable: addons D:\PHP\weicmsClear\Application\Common\Common\function.php Á¨¨ 501 Ë°å.
NOTIC: [8] Undefined variable: addons D:\PHP\weicmsClear\Application\Common\Common\function.php Á¨¨ 501 Ë°å.
SQL: SELECT * FROM `bxlm_manager_menu` WHERE `uid` = 1 AND `is_hide` = 0 ORDER BY sort asc, id asc  [ RunTime:0.0004s ]
NOTIC: [8] Undefined variable: addons D:\PHP\weicmsClear\Application\Common\Common\function.php Á¨¨ 501 Ë°å.
NOTIC: [8] Undefined variable: addons D:\PHP\weicmsClear\Application\Common\Common\function.php Á¨¨ 501 Ë°å.
NOTIC: [8] Undefined variable: addons D:\PHP\weicmsClear\Application\Common\Common\function.php Á¨¨ 501 Ë°å.
NOTIC: [8] Undefined offset: 1 D:\PHP\weicmsClear\Application\Common\Model\ManagerMenuModel.class.php Á¨¨ 143 Ë°å.
SQL: SELECT * FROM `bxlm_public_link` WHERE `uid` = 1  [ RunTime:0.0003s ]
NOTIC: [2] Invalid argument supplied for foreach() D:\PHP\weicmsClear\Application\Common\Model\PublicModel.class.php Á¨¨ 48 Ë°å.
NOTIC: [8] Undefined variable: res D:\PHP\weicmsClear\Application\Common\Model\PublicModel.class.php Á¨¨ 52 Ë°å.
NOTIC: [8] Undefined index: Work D:\PHP\weicmsClear\Application\Home\Model\AddonsModel.class.php Á¨¨ 70 Ë°å.
NOTIC: [8] Undefined index: query D:\PHP\weicmsClear\ThinkPHP\Common\functions.php Á¨¨ 1002 Ë°å.
SQL: SELECT * FROM `bxlm_model` WHERE `name` = 'work' LIMIT 1   [ RunTime:0.0004s ]
NOTIC: [8] Undefined offset: 1 D:\PHP\weicmsClear\ThinkPHP\Library\Think\Controller.class.php Á¨¨ 949 Ë°å.
NOTIC: [8] Undefined offset: 1 D:\PHP\weicmsClear\ThinkPHP\Library\Think\Controller.class.php Á¨¨ 951 Ë°å.
NOTIC: [8] Undefined offset: 1 D:\PHP\weicmsClear\ThinkPHP\Library\Think\Controller.class.php Á¨¨ 963 Ë°å.
SQL: SELECT `name` FROM `bxlm_attribute` WHERE ( model_id=1159 )  [ RunTime:0.0004s ]
SQL: SELECT * FROM `bxlm_model` WHERE `id` = 1159 LIMIT 1   [ RunTime:0.0003s ]
SQL: SELECT `id`,`title`,`create_time` FROM `bxlm_work` ORDER BY id desc LIMIT 0,10   [ RunTime:0.0134s ]
SQL: SELECT COUNT(*) AS tp_count FROM `bxlm_work` LIMIT 1   [ RunTime:0.0002s ]
INFO: [ view_parse ] --START--
INFO: [ template_filter ] --START--
INFO: Run Behavior\ContentReplaceBehavior [ RunTime:0.000321s ]
INFO: [ template_filter ] --END-- [ RunTime:0.000368s ]
NOTIC: [8] Use of undefined constant website_logo - assumed 'website_logo' D:\PHP\weicmsClear\Runtime\Cache\Home\387e1e11b9e3bfcbf3ff3caee77639d6.php Á¨¨ 58 Ë°å.
NOTIC: [8] Use of undefined constant is_audit - assumed 'is_audit' D:\PHP\weicmsClear\Runtime\Cache\Home\387e1e11b9e3bfcbf3ff3caee77639d6.php Á¨¨ 72 Ë°å.
NOTIC: [8] Use of undefined constant headimgurl - assumed 'headimgurl' D:\PHP\weicmsClear\Runtime\Cache\Home\387e1e11b9e3bfcbf3ff3caee77639d6.php Á¨¨ 82 Ë°å.
NOTIC: [8] Undefined variable: output D:\PHP\weicmsClear\Application\Common\Common\function.php Á¨¨ 1756 Ë°å.
NOTIC: [8] Undefined variable: core_side_category D:\PHP\weicmsClear\Runtime\Cache\Home\387e1e11b9e3bfcbf3ff3caee77639d6.php Á¨¨ 120 Ë°å.
NOTIC: [8] Undefined variable: del_url D:\PHP\weicmsClear\Runtime\Cache\Home\387e1e11b9e3bfcbf3ff3caee77639d6.php Á¨¨ 157 Ë°å.
NOTIC: [8] Use of undefined constant model - assumed 'model' D:\PHP\weicmsClear\Runtime\Cache\Home\387e1e11b9e3bfcbf3ff3caee77639d6.php Á¨¨ 167 Ë°å.
NOTIC: [8] Undefined variable: search_url D:\PHP\weicmsClear\Runtime\Cache\Home\387e1e11b9e3bfcbf3ff3caee77639d6.php Á¨¨ 167 Ë°å.
NOTIC: [8] Undefined variable: addons D:\PHP\weicmsClear\Application\Common\Common\function.php Á¨¨ 501 Ë°å.
NOTIC: [8] Undefined variable: tongji_code D:\PHP\weicmsClear\Runtime\Cache\Home\387e1e11b9e3bfcbf3ff3caee77639d6.php Á¨¨ 269 Ë°å.
INFO: Run Behavior\ParseTemplateBehavior [ RunTime:0.044324s ]
INFO: [ view_parse ] --END-- [ RunTime:0.044370s ]
INFO: [ view_filter ] --START--
INFO: Run Behavior\WriteHtmlCacheBehavior [ RunTime:0.000551s ]
INFO: [ view_filter ] --END-- [ RunTime:0.000583s ]
INFO: [ app_end ] --START--
INFO: Run Behavior\ShowPageTraceBehavior [ RunTime:0.002642s ]
INFO: [ app_end ] --END-- [ RunTime:0.002903s ]

[ 2017-06-28T22:40:17+08:00 ] ::1 /weicmsClear/index.php?s=/addon/Job_list/wap/getList
SQL: SELECT `value` FROM `bxlm_config` WHERE ( name="FOLLOW_YOUKE_UID" ) LIMIT 1   [ RunTime:0.0002s ]
SQL: UPDATE `bxlm_config` SET `value`='-84' WHERE ( name="FOLLOW_YOUKE_UID" ) [ RunTime:0.0003s ]
NOTIC: [8] Undefined index: uid D:\PHP\weicmsClear\ThinkPHP\Library\Think\Controller.class.php Á¨¨ 524 Ë°å.
SQL: SHOW COLUMNS FROM `bxlm_auth_group_access` [ RunTime:0.0006s ]
SQL: SELECT a.uid,a.group_id,g.title,g.rules FROM bxlm_auth_group_access a INNER JOIN bxlm_auth_group g on a.group_id=g.id  WHERE ( a.uid='-84' and g.status='1' )  [ RunTime:0.0002s ]
SQL: SELECT `id`,`token` FROM `bxlm_public`  [ RunTime:0.0003s ]
NOTIC: [2] Invalid argument supplied for foreach() D:\PHP\weicmsClear\Application\Common\Model\PublicModel.class.php Á¨¨ 31 Ë°å.
NOTIC: [8] Undefined index: addon_status D:\PHP\weicmsClear\Application\Common\Model\AddonStatusModel.class.php Á¨¨ 47 Ë°å.
NOTIC: [8] Undefined index: group_id D:\PHP\weicmsClear\Application\Common\Model\AddonStatusModel.class.php Á¨¨ 50 Ë°å.
NOTIC: [8] Undefined variable: addons D:\PHP\weicmsClear\Application\Common\Common\function.php Á¨¨ 501 Ë°å.
NOTIC: [8] Undefined variable: addons D:\PHP\weicmsClear\Application\Common\Common\function.php Á¨¨ 501 Ë°å.
NOTIC: [8] Undefined variable: addons D:\PHP\weicmsClear\Application\Common\Common\function.php Á¨¨ 501 Ë°å.
SQL: SELECT * FROM `bxlm_manager_menu` WHERE `uid` = 0 AND `is_hide` = 0 ORDER BY sort asc, id asc  [ RunTime:0.0004s ]
SQL: SELECT * FROM `bxlm_manager_menu` WHERE `uid` = 1 AND `is_hide` = 0 ORDER BY sort asc, id asc  [ RunTime:0.0003s ]
NOTIC: [8] Undefined variable: addons D:\PHP\weicmsClear\Application\Common\Common\function.php Á¨¨ 501 Ë°å.
NOTIC: [8] Undefined variable: addons D:\PHP\weicmsClear\Application\Common\Common\function.php Á¨¨ 501 Ë°å.
NOTIC: [8] Undefined variable: addons D:\PHP\weicmsClear\Application\Common\Common\function.php Á¨¨ 501 Ë°å.
NOTIC: [8] Undefined index: HTTP_REFERER D:\PHP\weicmsClear\Application\Common\Model\ManagerMenuModel.class.php Á¨¨ 139 Ë°å.
SQL: SELECT * FROM `bxlm_public_link` WHERE `uid` = 0  [ RunTime:0.0002s ]
NOTIC: [2] Invalid argument supplied for foreach() D:\PHP\weicmsClear\Application\Common\Model\PublicModel.class.php Á¨¨ 48 Ë°å.
NOTIC: [8] Undefined variable: res D:\PHP\weicmsClear\Application\Common\Model\PublicModel.class.php Á¨¨ 52 Ë°å.
NOTIC: [8] Undefined index: Job_list D:\PHP\weicmsClear\Application\Home\Model\AddonsModel.class.php Á¨¨ 70 Ë°å.
NOTIC: [8] Undefined index: query D:\PHP\weicmsClear\ThinkPHP\Common\functions.php Á¨¨ 1002 Ë°å.
SQL: SHOW COLUMNS FROM `bxlm_job_list` [ RunTime:0.0011s ]
NOTIC: [8] Undefined variable: map D:\PHP\weicmsClear\Addons\Job_list\Controller\WapController.class.php Á¨¨ 22 Ë°å.
SQL: SELECT * FROM `bxlm_job_list` ORDER BY id desc LIMIT 10   [ RunTime:0.0003s ]

