[ 2017-06-16T09:57:51+08:00 ] ::1 /weicmsClear/index.php?s=/Admin/Update/delcache.html
INFO: [ app_init ] --START--
INFO: Run Behavior\BuildLiteBehavior [ RunTime:0.000040s ]
INFO: Run Common\Behavior\InitHookBehavior [ RunTime:0.004880s ]
INFO: [ app_init ] --END-- [ RunTime:0.005777s ]
INFO: [ app_begin ] --START--
INFO: Run Behavior\ReadHtmlCacheBehavior [ RunTime:0.001164s ]
INFO: [ app_begin ] --END-- [ RunTime:0.001373s ]
NOTIC: [8] Undefined index: uid D:\wamp\www\weicmsClear\ThinkPHP\Library\Think\Controller.class.php 第 524 行.
SQL: SELECT `id`,`token` FROM `bxlm_public`  [ RunTime:0.0003s ]
NOTIC: [2] Invalid argument supplied for foreach() D:\wamp\www\weicmsClear\Application\Common\Model\PublicModel.class.php 第 31 行.
NOTIC: [8] Undefined index: addon_status D:\wamp\www\weicmsClear\Application\Common\Model\AddonStatusModel.class.php 第 47 行.
NOTIC: [8] Undefined index: group_id D:\wamp\www\weicmsClear\Application\Common\Model\AddonStatusModel.class.php 第 50 行.
NOTIC: [8] Undefined variable: addons D:\wamp\www\weicmsClear\Application\Common\Common\function.php 第 501 行.
NOTIC: [8] Undefined variable: addons D:\wamp\www\weicmsClear\Application\Common\Common\function.php 第 501 行.
SQL: SELECT * FROM `bxlm_manager_menu` WHERE `uid` = 1 AND `is_hide` = 0 ORDER BY sort asc, id asc  [ RunTime:0.0005s ]
NOTIC: [8] Undefined variable: addons D:\wamp\www\weicmsClear\Application\Common\Common\function.php 第 501 行.
SQL: SELECT * FROM `bxlm_public_link` WHERE `uid` = 1  [ RunTime:0.0003s ]
NOTIC: [2] Invalid argument supplied for foreach() D:\wamp\www\weicmsClear\Application\Common\Model\PublicModel.class.php 第 48 行.
NOTIC: [8] Undefined variable: res D:\wamp\www\weicmsClear\Application\Common\Model\PublicModel.class.php 第 52 行.
SQL: SELECT `id`,`title` FROM `bxlm_addons` WHERE `status` = 1  [ RunTime:0.0005s ]
SQL: UPDATE `bxlm_attribute` SET `extra`='169:工作中心
168:微信用户中心
' WHERE `name` = 'addon_status' [ RunTime:0.0029s ]
SQL: SELECT `id`,`title`,`url` FROM `bxlm_menu` WHERE `pid` = 0 AND `hide` = 0 AND `is_dev` = 0 ORDER BY sort asc  [ RunTime:0.0007s ]
SQL: SELECT `pid` FROM `bxlm_menu` WHERE ( pid !=0 AND url like '%Update/delcache%' ) LIMIT 1   [ RunTime:0.0004s ]
SQL: SELECT * FROM `bxlm_menu` WHERE `id` = 68 LIMIT 1   [ RunTime:0.0002s ]
SQL: SELECT DISTINCT  `group` FROM `bxlm_menu` WHERE `group` <> '' AND `pid` = 68  [ RunTime:0.0007s ]
SQL: SELECT `id`,`url` FROM `bxlm_menu` WHERE `pid` = 68 AND `hide` = 0 AND `is_dev` = 0  [ RunTime:0.0006s ]
SQL: SELECT `id`,`pid`,`title`,`url`,`tip` FROM `bxlm_menu` WHERE `group` = '系统设置' AND `pid` = 68 AND `hide` = 0 AND `is_dev` = 0 ORDER BY sort asc  [ RunTime:0.0005s ]
SQL: SELECT `id`,`pid`,`title`,`url`,`tip` FROM `bxlm_menu` WHERE `group` = '数据备份' AND `pid` = 68 AND `hide` = 0 AND `is_dev` = 0 ORDER BY sort asc  [ RunTime:0.0009s ]
INFO: [ view_parse ] --START--
INFO: [ template_filter ] --START--
INFO: Run Behavior\ContentReplaceBehavior [ RunTime:0.000300s ]
INFO: [ template_filter ] --END-- [ RunTime:0.000493s ]
NOTIC: [8] Undefined variable: meta_title D:\wamp\www\weicmsClear\Runtime\Cache\Admin\7448bc5b6c7ede42a8f022f98e8cc17b.php 第 5 行.
SQL: SELECT * FROM `bxlm_user` WHERE `uid` = 1 LIMIT 1   [ RunTime:0.0007s ]
SQL: SHOW COLUMNS FROM `bxlm_manager` [ RunTime:0.0015s ]
SQL: SELECT `uid`,`has_public`,`headface_url`,`GammaAppId`,`GammaSecret`,`copy_right`,`tongji_code`,`website_logo` FROM `bxlm_manager` WHERE ( uid='1' ) LIMIT 1   [ RunTime:0.0004s ]
SQL: SHOW COLUMNS FROM `bxlm_auth_group_access` [ RunTime:0.0010s ]
SQL: SELECT a.group_id,g.title,g.type,g.icon FROM bxlm_auth_group_access a INNER JOIN bxlm_auth_group g on a.group_id=g.id  WHERE ( a.uid='1' and g.status='1' )  [ RunTime:0.0004s ]
SQL: SHOW COLUMNS FROM `bxlm_public_follow` [ RunTime:0.0006s ]
SQL: SELECT `openid`,`token`,`uid`,`has_subscribe`,`syc_status`,`remark` FROM `bxlm_public_follow` WHERE ( uid='1' )  [ RunTime:0.0005s ]
NOTIC: [2] Invalid argument supplied for foreach() D:\wamp\www\weicmsClear\Application\Common\Model\UserModel.class.php 第 251 行.
NOTIC: [8] Undefined index:  D:\wamp\www\weicmsClear\Application\Common\Model\UserModel.class.php 第 271 行.
NOTIC: [8] Undefined index:  D:\wamp\www\weicmsClear\Application\Common\Model\UserModel.class.php 第 272 行.
NOTIC: [8192] preg_replace(): The /e modifier is deprecated, use preg_replace_callback instead D:\wamp\www\weicmsClear\Application\Common\Common\function.php 第 3285 行.
NOTIC: [8] Undefined variable: txt D:\wamp\www\weicmsClear\Application\Common\Common\function.php 第 3294 行.
SQL: SHOW COLUMNS FROM `bxlm_user_tag_link` [ RunTime:0.0012s ]
SQL: SELECT `tag_id` FROM `bxlm_user_tag_link` WHERE `uid` = 1  [ RunTime:0.0004s ]
NOTIC: [2] file_put_contents(./Runtime/Temp/weicmsClear_931b5b3cad55d64c859ac8fe37543b59.php): failed to open stream: No such file or directory D:\wamp\www\weicmsClear\ThinkPHP\Library\Think\Cache\Driver\File.class.php 第 137 行.
SQL: SELECT * FROM `bxlm_user` WHERE `uid` = 1 LIMIT 1   [ RunTime:0.0006s ]
SQL: SELECT `uid`,`has_public`,`headface_url`,`GammaAppId`,`GammaSecret`,`copy_right`,`tongji_code`,`website_logo` FROM `bxlm_manager` WHERE ( uid='1' ) LIMIT 1   [ RunTime:0.0003s ]
SQL: SHOW COLUMNS FROM `bxlm_auth_group_access` [ RunTime:0.0006s ]
SQL: SELECT a.group_id,g.title,g.type,g.icon FROM bxlm_auth_group_access a INNER JOIN bxlm_auth_group g on a.group_id=g.id  WHERE ( a.uid='1' and g.status='1' )  [ RunTime:0.0007s ]
SQL: SELECT `openid`,`token`,`uid`,`has_subscribe`,`syc_status`,`remark` FROM `bxlm_public_follow` WHERE ( uid='1' )  [ RunTime:0.0003s ]
NOTIC: [2] Invalid argument supplied for foreach() D:\wamp\www\weicmsClear\Application\Common\Model\UserModel.class.php 第 251 行.
NOTIC: [8] Undefined index:  D:\wamp\www\weicmsClear\Application\Common\Model\UserModel.class.php 第 271 行.
NOTIC: [8] Undefined index:  D:\wamp\www\weicmsClear\Application\Common\Model\UserModel.class.php 第 272 行.
NOTIC: [8192] preg_replace(): The /e modifier is deprecated, use preg_replace_callback instead D:\wamp\www\weicmsClear\Application\Common\Common\function.php 第 3285 行.
NOTIC: [8] Undefined variable: txt D:\wamp\www\weicmsClear\Application\Common\Common\function.php 第 3294 行.
SQL: SELECT `tag_id` FROM `bxlm_user_tag_link` WHERE `uid` = 1  [ RunTime:0.0001s ]
NOTIC: [2] file_put_contents(./Runtime/Temp/weicmsClear_931b5b3cad55d64c859ac8fe37543b59.php): failed to open stream: No such file or directory D:\wamp\www\weicmsClear\ThinkPHP\Library\Think\Cache\Driver\File.class.php 第 137 行.
INFO: Run Behavior\ParseTemplateBehavior [ RunTime:0.062463s ]
INFO: [ view_parse ] --END-- [ RunTime:0.062656s ]
INFO: [ view_filter ] --START--
INFO: Run Behavior\WriteHtmlCacheBehavior [ RunTime:0.000696s ]
INFO: [ view_filter ] --END-- [ RunTime:0.000876s ]
INFO: [ app_end ] --START--
INFO: Run Behavior\ShowPageTraceBehavior [ RunTime:0.001091s ]
INFO: [ app_end ] --END-- [ RunTime:0.001290s ]

[ 2017-06-16T09:58:36+08:00 ] ::1 /weicmsClear/index.php?s=/Admin/Model/index.html
INFO: [ app_init ] --START--
INFO: Run Behavior\BuildLiteBehavior [ RunTime:0.000039s ]
INFO: Run Common\Behavior\InitHookBehavior [ RunTime:0.003656s ]
INFO: [ app_init ] --END-- [ RunTime:0.004483s ]
INFO: [ app_begin ] --START--
INFO: Run Behavior\ReadHtmlCacheBehavior [ RunTime:0.000854s ]
INFO: [ app_begin ] --END-- [ RunTime:0.001038s ]
NOTIC: [8] Undefined index: uid D:\wamp\www\weicmsClear\ThinkPHP\Library\Think\Controller.class.php 第 524 行.
SQL: SELECT `id`,`token` FROM `bxlm_public`  [ RunTime:0.0003s ]
NOTIC: [2] Invalid argument supplied for foreach() D:\wamp\www\weicmsClear\Application\Common\Model\PublicModel.class.php 第 31 行.
NOTIC: [8] Undefined index: addon_status D:\wamp\www\weicmsClear\Application\Common\Model\AddonStatusModel.class.php 第 47 行.
NOTIC: [8] Undefined index: group_id D:\wamp\www\weicmsClear\Application\Common\Model\AddonStatusModel.class.php 第 50 行.
NOTIC: [8] Undefined variable: addons D:\wamp\www\weicmsClear\Application\Common\Common\function.php 第 501 行.
NOTIC: [8] Undefined variable: addons D:\wamp\www\weicmsClear\Application\Common\Common\function.php 第 501 行.
SQL: SELECT * FROM `bxlm_manager_menu` WHERE `uid` = 1 AND `is_hide` = 0 ORDER BY sort asc, id asc  [ RunTime:0.0005s ]
NOTIC: [8] Undefined variable: addons D:\wamp\www\weicmsClear\Application\Common\Common\function.php 第 501 行.
NOTIC: [8] Undefined offset: 369 D:\wamp\www\weicmsClear\Application\Common\Model\ManagerMenuModel.class.php 第 116 行.
SQL: SELECT * FROM `bxlm_public_link` WHERE `uid` = 1  [ RunTime:0.0004s ]
NOTIC: [2] Invalid argument supplied for foreach() D:\wamp\www\weicmsClear\Application\Common\Model\PublicModel.class.php 第 48 行.
NOTIC: [8] Undefined variable: res D:\wamp\www\weicmsClear\Application\Common\Model\PublicModel.class.php 第 52 行.
SQL: SELECT `id`,`title` FROM `bxlm_addons` WHERE `status` = 1  [ RunTime:0.0003s ]
SQL: SHOW COLUMNS FROM `bxlm_attribute` [ RunTime:0.0009s ]
SQL: UPDATE `bxlm_attribute` SET `extra`='169:工作中心
168:微信用户中心
' WHERE `name` = 'addon_status' [ RunTime:0.0028s ]
SQL: SHOW COLUMNS FROM `bxlm_menu` [ RunTime:0.0012s ]
SQL: SELECT `id`,`title`,`url` FROM `bxlm_menu` WHERE `pid` = 0 AND `hide` = 0 AND `is_dev` = 0 ORDER BY sort asc  [ RunTime:0.0006s ]
SQL: SELECT `pid` FROM `bxlm_menu` WHERE ( pid !=0 AND url like '%Model/index%' ) LIMIT 1   [ RunTime:0.0003s ]
SQL: SELECT * FROM `bxlm_menu` WHERE `id` = 68 LIMIT 1   [ RunTime:0.0002s ]
SQL: SELECT DISTINCT  `group` FROM `bxlm_menu` WHERE `group` <> '' AND `pid` = 68  [ RunTime:0.0004s ]
SQL: SELECT `id`,`url` FROM `bxlm_menu` WHERE `pid` = 68 AND `hide` = 0 AND `is_dev` = 0  [ RunTime:0.0003s ]
SQL: SELECT `id`,`pid`,`title`,`url`,`tip` FROM `bxlm_menu` WHERE `group` = '系统设置' AND `pid` = 68 AND `hide` = 0 AND `is_dev` = 0 ORDER BY sort asc  [ RunTime:0.0004s ]
SQL: SELECT `id`,`pid`,`title`,`url`,`tip` FROM `bxlm_menu` WHERE `group` = '数据备份' AND `pid` = 68 AND `hide` = 0 AND `is_dev` = 0 ORDER BY sort asc  [ RunTime:0.0003s ]
SQL: SHOW COLUMNS FROM `bxlm_model` [ RunTime:0.0010s ]
SQL: SELECT COUNT(*) AS tp_count FROM `bxlm_model` WHERE `status` > -1 LIMIT 1   [ RunTime:0.0004s ]
SQL: SELECT `id`,`name`,`title`,`extend`,`relation`,`need_pk`,`field_sort`,`field_group`,`attribute_list`,`template_list`,`template_add`,`template_edit`,`list_grid`,`list_row`,`search_key`,`search_list`,`create_time`,`update_time`,`status`,`engine_type`,`addon` FROM `bxlm_model` WHERE `status` > -1 ORDER BY id desc LIMIT 0,20   [ RunTime:0.0010s ]
SQL: SELECT `name`,`title` FROM `bxlm_addons`  [ RunTime:0.0004s ]
NOTIC: [8] Undefined index: Shop D:\wamp\www\weicmsClear\Application\Admin\Controller\ModelController.class.php 第 43 行.
NOTIC: [8] Undefined index: Vote D:\wamp\www\weicmsClear\Application\Admin\Controller\ModelController.class.php 第 43 行.
NOTIC: [8] Undefined index: Vote D:\wamp\www\weicmsClear\Application\Admin\Controller\ModelController.class.php 第 43 行.
NOTIC: [8] Undefined index: Vote D:\wamp\www\weicmsClear\Application\Admin\Controller\ModelController.class.php 第 43 行.
INFO: [ view_parse ] --START--
INFO: [ template_filter ] --START--
INFO: Run Behavior\ContentReplaceBehavior [ RunTime:0.000360s ]
INFO: [ template_filter ] --END-- [ RunTime:0.000557s ]
INFO: Run Behavior\ParseTemplateBehavior [ RunTime:0.111181s ]
INFO: [ view_parse ] --END-- [ RunTime:0.111567s ]
INFO: [ view_filter ] --START--
INFO: Run Behavior\WriteHtmlCacheBehavior [ RunTime:0.000940s ]
INFO: [ view_filter ] --END-- [ RunTime:0.001141s ]
INFO: [ app_end ] --START--
INFO: Run Behavior\ShowPageTraceBehavior [ RunTime:0.002055s ]
INFO: Run Behavior\CronRunBehavior [ RunTime:0.003119s ]
INFO: [ app_end ] --END-- [ RunTime:0.006054s ]

