[ 2017-06-20T09:13:46+08:00 ] ::1 /weicmsClear/index.php?s=/Admin/Config/group.html
SQL: SHOW COLUMNS FROM `bxlm_user` [ RunTime:0.0021s ]
SQL: SELECT * FROM `bxlm_user` WHERE `uid` = 1 LIMIT 1   [ RunTime:0.0007s ]
SQL: SHOW COLUMNS FROM `bxlm_manager` [ RunTime:0.0026s ]
SQL: SELECT `uid`,`has_public`,`headface_url`,`GammaAppId`,`GammaSecret`,`copy_right`,`tongji_code`,`website_logo` FROM `bxlm_manager` WHERE ( uid='1' ) LIMIT 1   [ RunTime:0.0004s ]
SQL: SHOW COLUMNS FROM `bxlm_auth_group_access` [ RunTime:0.0006s ]
SQL: SELECT a.group_id,g.title,g.type,g.icon FROM bxlm_auth_group_access a INNER JOIN bxlm_auth_group g on a.group_id=g.id  WHERE ( a.uid='1' and g.status='1' )  [ RunTime:0.0004s ]
SQL: SHOW COLUMNS FROM `bxlm_public_follow` [ RunTime:0.0010s ]
SQL: SELECT `openid`,`token`,`uid`,`has_subscribe`,`syc_status`,`remark` FROM `bxlm_public_follow` WHERE ( uid='1' )  [ RunTime:0.0005s ]
NOTIC: [2] Invalid argument supplied for foreach() D:\wamp\www\weicmsClear\Application\Common\Model\UserModel.class.php 第 251 行.
NOTIC: [8] Undefined index:  D:\wamp\www\weicmsClear\Application\Common\Model\UserModel.class.php 第 271 行.
NOTIC: [8] Undefined index:  D:\wamp\www\weicmsClear\Application\Common\Model\UserModel.class.php 第 272 行.
NOTIC: [8192] preg_replace(): The /e modifier is deprecated, use preg_replace_callback instead D:\wamp\www\weicmsClear\Application\Common\Common\function.php 第 3285 行.
NOTIC: [8] Undefined variable: txt D:\wamp\www\weicmsClear\Application\Common\Common\function.php 第 3294 行.
SQL: SHOW COLUMNS FROM `bxlm_user_tag_link` [ RunTime:0.0026s ]
SQL: SELECT `tag_id` FROM `bxlm_user_tag_link` WHERE `uid` = 1  [ RunTime:0.0003s ]
NOTIC: [8] Undefined index: uid D:\wamp\www\weicmsClear\ThinkPHP\Library\Think\Controller.class.php 第 524 行.
SQL: SHOW COLUMNS FROM `bxlm_manager_menu` [ RunTime:0.0009s ]
SQL: SELECT * FROM `bxlm_addons` WHERE `status` = 1  [ RunTime:0.0006s ]
SQL: SHOW COLUMNS FROM `bxlm_addons` [ RunTime:0.0009s ]
SQL: SHOW COLUMNS FROM `bxlm_public` [ RunTime:0.0010s ]
SQL: SELECT `id`,`token` FROM `bxlm_public`  [ RunTime:0.0004s ]
NOTIC: [2] Invalid argument supplied for foreach() D:\wamp\www\weicmsClear\Application\Common\Model\PublicModel.class.php 第 31 行.
NOTIC: [8] Undefined index: addon_status D:\wamp\www\weicmsClear\Application\Common\Model\AddonStatusModel.class.php 第 47 行.
NOTIC: [8] Undefined index: group_id D:\wamp\www\weicmsClear\Application\Common\Model\AddonStatusModel.class.php 第 50 行.
NOTIC: [8] Undefined variable: addons D:\wamp\www\weicmsClear\Application\Common\Common\function.php 第 501 行.
NOTIC: [8] Undefined variable: addons D:\wamp\www\weicmsClear\Application\Common\Common\function.php 第 501 行.
NOTIC: [8] Undefined variable: addons D:\wamp\www\weicmsClear\Application\Common\Common\function.php 第 501 行.
SQL: SELECT * FROM `bxlm_manager_menu` WHERE `uid` = 1 AND `is_hide` = 0 ORDER BY sort asc, id asc  [ RunTime:0.0005s ]
NOTIC: [8] Undefined variable: addons D:\wamp\www\weicmsClear\Application\Common\Common\function.php 第 501 行.
NOTIC: [8] Undefined variable: addons D:\wamp\www\weicmsClear\Application\Common\Common\function.php 第 501 行.
NOTIC: [8] Undefined variable: addons D:\wamp\www\weicmsClear\Application\Common\Common\function.php 第 501 行.
NOTIC: [8] Undefined variable: addons D:\wamp\www\weicmsClear\Application\Common\Common\function.php 第 501 行.
NOTIC: [8] Undefined variable: addons D:\wamp\www\weicmsClear\Application\Common\Common\function.php 第 501 行.
SQL: SHOW COLUMNS FROM `bxlm_public_link` [ RunTime:0.0009s ]
SQL: SELECT * FROM `bxlm_public_link` WHERE `uid` = 1  [ RunTime:0.0004s ]
NOTIC: [2] Invalid argument supplied for foreach() D:\wamp\www\weicmsClear\Application\Common\Model\PublicModel.class.php 第 48 行.
NOTIC: [8] Undefined variable: res D:\wamp\www\weicmsClear\Application\Common\Model\PublicModel.class.php 第 52 行.
SQL: SELECT `id`,`title` FROM `bxlm_addons` WHERE `status` = 1  [ RunTime:0.0003s ]
SQL: SHOW COLUMNS FROM `bxlm_attribute` [ RunTime:0.0010s ]
SQL: UPDATE `bxlm_attribute` SET `extra`='169:工作中心
168:微信用户中心
170:资讯管理
' WHERE `name` = 'addon_status' [ RunTime:0.0030s ]
SQL: SHOW COLUMNS FROM `bxlm_menu` [ RunTime:0.0008s ]
SQL: SELECT `id`,`title`,`url` FROM `bxlm_menu` WHERE `pid` = 0 AND `hide` = 0 AND `is_dev` = 0 ORDER BY sort asc  [ RunTime:0.0006s ]
SQL: SELECT `pid` FROM `bxlm_menu` WHERE ( pid !=0 AND url like '%Config/group%' ) LIMIT 1   [ RunTime:0.0003s ]
SQL: SELECT * FROM `bxlm_menu` WHERE `id` = 68 LIMIT 1   [ RunTime:0.0002s ]
SQL: SELECT DISTINCT  `group` FROM `bxlm_menu` WHERE `group` <> '' AND `pid` = 68  [ RunTime:0.0007s ]
SQL: SELECT `id`,`url` FROM `bxlm_menu` WHERE `pid` = 68 AND `hide` = 0 AND `is_dev` = 0  [ RunTime:0.0006s ]
SQL: SELECT `id`,`pid`,`title`,`url`,`tip` FROM `bxlm_menu` WHERE `group` = '系统设置' AND `pid` = 68 AND `hide` = 0 AND `is_dev` = 0 ORDER BY sort asc  [ RunTime:0.0009s ]
SQL: SELECT `id`,`pid`,`title`,`url`,`tip` FROM `bxlm_menu` WHERE `group` = '数据备份' AND `pid` = 68 AND `hide` = 0 AND `is_dev` = 0 ORDER BY sort asc  [ RunTime:0.0007s ]
SQL: SELECT `id`,`name`,`title`,`extra`,`value`,`remark`,`type` FROM `bxlm_config` WHERE `status` = 1 AND `group` = 1 ORDER BY sort  [ RunTime:0.0007s ]
INFO: [ view_parse ] --START--
INFO: [ template_filter ] --START--
INFO: Run Behavior\ContentReplaceBehavior [ RunTime:0.000458s ]
INFO: [ template_filter ] --END-- [ RunTime:0.000694s ]
INFO: Run Behavior\ParseTemplateBehavior [ RunTime:0.057985s ]
INFO: [ view_parse ] --END-- [ RunTime:0.058379s ]
INFO: [ view_filter ] --START--
INFO: Run Behavior\WriteHtmlCacheBehavior [ RunTime:0.000881s ]
INFO: [ view_filter ] --END-- [ RunTime:0.001107s ]
INFO: [ app_end ] --START--
INFO: Run Behavior\ShowPageTraceBehavior [ RunTime:0.003640s ]
INFO: [ app_end ] --END-- [ RunTime:0.003904s ]

[ 2017-06-20T09:13:47+08:00 ] ::1 /weicmsClear/index.php?s=/Admin/update/getRemoteVersion.html
INFO: [ app_init ] --START--
INFO: Run Behavior\BuildLiteBehavior [ RunTime:0.000040s ]
INFO: Run Common\Behavior\InitHookBehavior [ RunTime:0.003135s ]
INFO: [ app_init ] --END-- [ RunTime:0.003909s ]
INFO: [ app_begin ] --START--
INFO: Run Behavior\ReadHtmlCacheBehavior [ RunTime:0.000755s ]
INFO: [ app_begin ] --END-- [ RunTime:0.000902s ]
NOTIC: [8] Undefined index: uid D:\wamp\www\weicmsClear\ThinkPHP\Library\Think\Controller.class.php 第 524 行.
SQL: SELECT `id`,`token` FROM `bxlm_public`  [ RunTime:0.0003s ]
NOTIC: [2] Invalid argument supplied for foreach() D:\wamp\www\weicmsClear\Application\Common\Model\PublicModel.class.php 第 31 行.
NOTIC: [8] Undefined index: addon_status D:\wamp\www\weicmsClear\Application\Common\Model\AddonStatusModel.class.php 第 47 行.
NOTIC: [8] Undefined index: group_id D:\wamp\www\weicmsClear\Application\Common\Model\AddonStatusModel.class.php 第 50 行.
NOTIC: [8] Undefined variable: addons D:\wamp\www\weicmsClear\Application\Common\Common\function.php 第 501 行.
NOTIC: [8] Undefined variable: addons D:\wamp\www\weicmsClear\Application\Common\Common\function.php 第 501 行.
NOTIC: [8] Undefined variable: addons D:\wamp\www\weicmsClear\Application\Common\Common\function.php 第 501 行.
SQL: SELECT * FROM `bxlm_manager_menu` WHERE `uid` = 1 AND `is_hide` = 0 ORDER BY sort asc, id asc  [ RunTime:0.0009s ]
NOTIC: [8] Undefined variable: addons D:\wamp\www\weicmsClear\Application\Common\Common\function.php 第 501 行.
NOTIC: [8] Undefined variable: addons D:\wamp\www\weicmsClear\Application\Common\Common\function.php 第 501 行.
NOTIC: [8] Undefined variable: addons D:\wamp\www\weicmsClear\Application\Common\Common\function.php 第 501 行.
NOTIC: [8] Undefined variable: addons D:\wamp\www\weicmsClear\Application\Common\Common\function.php 第 501 行.
NOTIC: [8] Undefined variable: addons D:\wamp\www\weicmsClear\Application\Common\Common\function.php 第 501 行.
SQL: SELECT * FROM `bxlm_public_link` WHERE `uid` = 1  [ RunTime:0.0005s ]
NOTIC: [2] Invalid argument supplied for foreach() D:\wamp\www\weicmsClear\Application\Common\Model\PublicModel.class.php 第 48 行.
NOTIC: [8] Undefined variable: res D:\wamp\www\weicmsClear\Application\Common\Model\PublicModel.class.php 第 52 行.
SQL: SELECT `id`,`title` FROM `bxlm_addons` WHERE `status` = 1  [ RunTime:0.0006s ]
SQL: UPDATE `bxlm_attribute` SET `extra`='169:工作中心
168:微信用户中心
170:资讯管理
' WHERE `name` = 'addon_status' [ RunTime:0.0031s ]
SQL: SELECT `id`,`title`,`url` FROM `bxlm_menu` WHERE `pid` = 0 AND `hide` = 0 AND `is_dev` = 0 ORDER BY sort asc  [ RunTime:0.0008s ]
SQL: SELECT `pid` FROM `bxlm_menu` WHERE ( pid !=0 AND url like '%Update/getRemoteVersion%' ) LIMIT 1   [ RunTime:0.0008s ]
SQL: SELECT * FROM `bxlm_menu` WHERE `id` = 68 LIMIT 1   [ RunTime:0.0006s ]
SQL: SELECT DISTINCT  `group` FROM `bxlm_menu` WHERE `group` <> '' AND `pid` = 68  [ RunTime:0.0005s ]
SQL: SELECT `id`,`url` FROM `bxlm_menu` WHERE `pid` = 68 AND `hide` = 0 AND `is_dev` = 0  [ RunTime:0.0007s ]
SQL: SELECT `id`,`pid`,`title`,`url`,`tip` FROM `bxlm_menu` WHERE `group` = '系统设置' AND `pid` = 68 AND `hide` = 0 AND `is_dev` = 0 ORDER BY sort asc  [ RunTime:0.0006s ]
SQL: SELECT `id`,`pid`,`title`,`url`,`tip` FROM `bxlm_menu` WHERE `group` = '数据备份' AND `pid` = 68 AND `hide` = 0 AND `is_dev` = 0 ORDER BY sort asc  [ RunTime:0.0006s ]
INFO: [ app_end ] --START--
INFO: Run Behavior\ShowPageTraceBehavior [ RunTime:0.001003s ]
INFO: [ app_end ] --END-- [ RunTime:0.001191s ]

[ 2017-06-20T09:13:48+08:00 ] ::1 /weicmsClear/index.php?s=/Admin/Model/index.html
NOTIC: [8] Undefined index: uid D:\wamp\www\weicmsClear\ThinkPHP\Library\Think\Controller.class.php 第 524 行.
SQL: SELECT `id`,`token` FROM `bxlm_public`  [ RunTime:0.0003s ]
NOTIC: [2] Invalid argument supplied for foreach() D:\wamp\www\weicmsClear\Application\Common\Model\PublicModel.class.php 第 31 行.
NOTIC: [8] Undefined index: addon_status D:\wamp\www\weicmsClear\Application\Common\Model\AddonStatusModel.class.php 第 47 行.
NOTIC: [8] Undefined index: group_id D:\wamp\www\weicmsClear\Application\Common\Model\AddonStatusModel.class.php 第 50 行.
NOTIC: [8] Undefined variable: addons D:\wamp\www\weicmsClear\Application\Common\Common\function.php 第 501 行.
NOTIC: [8] Undefined variable: addons D:\wamp\www\weicmsClear\Application\Common\Common\function.php 第 501 行.
NOTIC: [8] Undefined variable: addons D:\wamp\www\weicmsClear\Application\Common\Common\function.php 第 501 行.
SQL: SELECT * FROM `bxlm_manager_menu` WHERE `uid` = 1 AND `is_hide` = 0 ORDER BY sort asc, id asc  [ RunTime:0.0007s ]
NOTIC: [8] Undefined variable: addons D:\wamp\www\weicmsClear\Application\Common\Common\function.php 第 501 行.
NOTIC: [8] Undefined variable: addons D:\wamp\www\weicmsClear\Application\Common\Common\function.php 第 501 行.
NOTIC: [8] Undefined variable: addons D:\wamp\www\weicmsClear\Application\Common\Common\function.php 第 501 行.
NOTIC: [8] Undefined variable: addons D:\wamp\www\weicmsClear\Application\Common\Common\function.php 第 501 行.
NOTIC: [8] Undefined variable: addons D:\wamp\www\weicmsClear\Application\Common\Common\function.php 第 501 行.
SQL: SELECT * FROM `bxlm_public_link` WHERE `uid` = 1  [ RunTime:0.0003s ]
NOTIC: [2] Invalid argument supplied for foreach() D:\wamp\www\weicmsClear\Application\Common\Model\PublicModel.class.php 第 48 行.
NOTIC: [8] Undefined variable: res D:\wamp\www\weicmsClear\Application\Common\Model\PublicModel.class.php 第 52 行.
SQL: SELECT `id`,`title` FROM `bxlm_addons` WHERE `status` = 1  [ RunTime:0.0003s ]
SQL: UPDATE `bxlm_attribute` SET `extra`='169:工作中心
168:微信用户中心
170:资讯管理
' WHERE `name` = 'addon_status' [ RunTime:0.0032s ]
SQL: SELECT `id`,`title`,`url` FROM `bxlm_menu` WHERE `pid` = 0 AND `hide` = 0 AND `is_dev` = 0 ORDER BY sort asc  [ RunTime:0.0008s ]
SQL: SELECT `pid` FROM `bxlm_menu` WHERE ( pid !=0 AND url like '%Model/index%' ) LIMIT 1   [ RunTime:0.0006s ]
SQL: SELECT * FROM `bxlm_menu` WHERE `id` = 68 LIMIT 1   [ RunTime:0.0006s ]
SQL: SELECT DISTINCT  `group` FROM `bxlm_menu` WHERE `group` <> '' AND `pid` = 68  [ RunTime:0.0007s ]
SQL: SELECT `id`,`url` FROM `bxlm_menu` WHERE `pid` = 68 AND `hide` = 0 AND `is_dev` = 0  [ RunTime:0.0007s ]
SQL: SELECT `id`,`pid`,`title`,`url`,`tip` FROM `bxlm_menu` WHERE `group` = '系统设置' AND `pid` = 68 AND `hide` = 0 AND `is_dev` = 0 ORDER BY sort asc  [ RunTime:0.0008s ]
SQL: SELECT `id`,`pid`,`title`,`url`,`tip` FROM `bxlm_menu` WHERE `group` = '数据备份' AND `pid` = 68 AND `hide` = 0 AND `is_dev` = 0 ORDER BY sort asc  [ RunTime:0.0007s ]
SQL: SHOW COLUMNS FROM `bxlm_model` [ RunTime:0.0016s ]
SQL: SELECT COUNT(*) AS tp_count FROM `bxlm_model` WHERE `status` > -1 LIMIT 1   [ RunTime:0.0008s ]
SQL: SELECT `id`,`name`,`title`,`extend`,`relation`,`need_pk`,`field_sort`,`field_group`,`attribute_list`,`template_list`,`template_add`,`template_edit`,`list_grid`,`list_row`,`search_key`,`search_list`,`create_time`,`update_time`,`status`,`engine_type`,`addon` FROM `bxlm_model` WHERE `status` > -1 ORDER BY id desc LIMIT 0,20   [ RunTime:0.0010s ]
SQL: SELECT `name`,`title` FROM `bxlm_addons`  [ RunTime:0.0002s ]
NOTIC: [8] Undefined index: Shop D:\wamp\www\weicmsClear\Application\Admin\Controller\ModelController.class.php 第 43 行.
NOTIC: [8] Undefined index: Vote D:\wamp\www\weicmsClear\Application\Admin\Controller\ModelController.class.php 第 43 行.
NOTIC: [8] Undefined index: Vote D:\wamp\www\weicmsClear\Application\Admin\Controller\ModelController.class.php 第 43 行.
NOTIC: [8] Undefined index: Vote D:\wamp\www\weicmsClear\Application\Admin\Controller\ModelController.class.php 第 43 行.
INFO: [ view_parse ] --START--
INFO: [ template_filter ] --START--
INFO: Run Behavior\ContentReplaceBehavior [ RunTime:0.000360s ]
INFO: [ template_filter ] --END-- [ RunTime:0.000554s ]
INFO: Run Behavior\ParseTemplateBehavior [ RunTime:0.126512s ]
INFO: [ view_parse ] --END-- [ RunTime:0.126744s ]
INFO: [ view_filter ] --START--
INFO: Run Behavior\WriteHtmlCacheBehavior [ RunTime:0.000765s ]
INFO: [ view_filter ] --END-- [ RunTime:0.000946s ]
INFO: [ app_end ] --START--
INFO: Run Behavior\ShowPageTraceBehavior [ RunTime:0.002440s ]
INFO: [ app_end ] --END-- [ RunTime:0.002669s ]

[ 2017-06-20T09:13:49+08:00 ] ::1 /weicmsClear/index.php?s=/Admin/ManagerMenu/lists/uid/1.html
SQL: SELECT `id`,`token` FROM `bxlm_public`  [ RunTime:0.0003s ]
NOTIC: [2] Invalid argument supplied for foreach() D:\wamp\www\weicmsClear\Application\Common\Model\PublicModel.class.php 第 31 行.
NOTIC: [8] Undefined index: addon_status D:\wamp\www\weicmsClear\Application\Common\Model\AddonStatusModel.class.php 第 47 行.
NOTIC: [8] Undefined index: group_id D:\wamp\www\weicmsClear\Application\Common\Model\AddonStatusModel.class.php 第 50 行.
NOTIC: [8] Undefined variable: addons D:\wamp\www\weicmsClear\Application\Common\Common\function.php 第 501 行.
NOTIC: [8] Undefined variable: addons D:\wamp\www\weicmsClear\Application\Common\Common\function.php 第 501 行.
NOTIC: [8] Undefined variable: addons D:\wamp\www\weicmsClear\Application\Common\Common\function.php 第 501 行.
SQL: SELECT * FROM `bxlm_manager_menu` WHERE `uid` = 1 AND `is_hide` = 0 ORDER BY sort asc, id asc  [ RunTime:0.0007s ]
NOTIC: [8] Undefined variable: addons D:\wamp\www\weicmsClear\Application\Common\Common\function.php 第 501 行.
NOTIC: [8] Undefined variable: addons D:\wamp\www\weicmsClear\Application\Common\Common\function.php 第 501 行.
NOTIC: [8] Undefined variable: addons D:\wamp\www\weicmsClear\Application\Common\Common\function.php 第 501 行.
NOTIC: [8] Undefined variable: addons D:\wamp\www\weicmsClear\Application\Common\Common\function.php 第 501 行.
NOTIC: [8] Undefined variable: addons D:\wamp\www\weicmsClear\Application\Common\Common\function.php 第 501 行.
SQL: SELECT * FROM `bxlm_public_link` WHERE `uid` = 1  [ RunTime:0.0002s ]
NOTIC: [2] Invalid argument supplied for foreach() D:\wamp\www\weicmsClear\Application\Common\Model\PublicModel.class.php 第 48 行.
NOTIC: [8] Undefined variable: res D:\wamp\www\weicmsClear\Application\Common\Model\PublicModel.class.php 第 52 行.
SQL: SELECT `id`,`title` FROM `bxlm_addons` WHERE `status` = 1  [ RunTime:0.0003s ]
SQL: UPDATE `bxlm_attribute` SET `extra`='169:工作中心
168:微信用户中心
170:资讯管理
' WHERE `name` = 'addon_status' [ RunTime:0.0029s ]
SQL: SELECT `id`,`title`,`url` FROM `bxlm_menu` WHERE `pid` = 0 AND `hide` = 0 AND `is_dev` = 0 ORDER BY sort asc  [ RunTime:0.0008s ]
SQL: SELECT `pid` FROM `bxlm_menu` WHERE ( pid !=0 AND url like '%ManagerMenu/lists%' ) LIMIT 1   [ RunTime:0.0008s ]
SQL: SELECT * FROM `bxlm_menu` WHERE `id` = 68 LIMIT 1   [ RunTime:0.0003s ]
SQL: SELECT DISTINCT  `group` FROM `bxlm_menu` WHERE `group` <> '' AND `pid` = 68  [ RunTime:0.0004s ]
SQL: SELECT `id`,`url` FROM `bxlm_menu` WHERE `pid` = 68 AND `hide` = 0 AND `is_dev` = 0  [ RunTime:0.0003s ]
SQL: SELECT `id`,`pid`,`title`,`url`,`tip` FROM `bxlm_menu` WHERE `group` = '系统设置' AND `pid` = 68 AND `hide` = 0 AND `is_dev` = 0 ORDER BY sort asc  [ RunTime:0.0004s ]
SQL: SELECT `id`,`pid`,`title`,`url`,`tip` FROM `bxlm_menu` WHERE `group` = '数据备份' AND `pid` = 68 AND `hide` = 0 AND `is_dev` = 0 ORDER BY sort asc  [ RunTime:0.0003s ]
SQL: SELECT * FROM `bxlm_model` WHERE `name` = 'manager_menu' LIMIT 1   [ RunTime:0.0013s ]
SQL: SELECT `name` FROM `bxlm_attribute` WHERE ( model_id=3 )  [ RunTime:0.0007s ]
SQL: SELECT * FROM `bxlm_model` WHERE `id` = 3 LIMIT 1   [ RunTime:0.0003s ]
SQL: SELECT `title`,`menu_type`,`addon_name`,`url`,`target`,`is_hide`,`sort`,`id` FROM `bxlm_manager_menu` WHERE `uid` = 1 ORDER BY id desc LIMIT 0,20   [ RunTime:0.0006s ]
SQL: SELECT COUNT(*) AS tp_count FROM `bxlm_manager_menu` WHERE `uid` = 1 LIMIT 1   [ RunTime:0.0004s ]
SQL: SHOW COLUMNS FROM `bxlm_manager_menu` [ RunTime:0.0010s ]
SQL: SELECT `id`,`menu_type`,`pid`,`title`,`url_type`,`addon_name`,`url`,`target`,`is_hide`,`sort`,`uid` FROM `bxlm_manager_menu` WHERE `uid` = 1  [ RunTime:0.0006s ]
INFO: [ view_parse ] --START--
INFO: [ template_filter ] --START--
INFO: Run Behavior\ContentReplaceBehavior [ RunTime:0.000348s ]
INFO: [ template_filter ] --END-- [ RunTime:0.000541s ]
SQL: SELECT * FROM `bxlm_attribute` WHERE `extra` !="" AND `model_id` = 3  [ RunTime:0.0007s ]
NOTIC: [8] Undefined index: ids D:\wamp\www\weicmsClear\Application\Common\Common\function.php 第 1262 行.
NOTIC: [8] Undefined index: ids D:\wamp\www\weicmsClear\Application\Common\Common\function.php 第 1262 行.
NOTIC: [8] Undefined index: ids D:\wamp\www\weicmsClear\Application\Common\Common\function.php 第 1262 行.
NOTIC: [8] Undefined index: ids D:\wamp\www\weicmsClear\Application\Common\Common\function.php 第 1262 行.
NOTIC: [8] Undefined index: ids D:\wamp\www\weicmsClear\Application\Common\Common\function.php 第 1262 行.
NOTIC: [8] Undefined index: ids D:\wamp\www\weicmsClear\Application\Common\Common\function.php 第 1262 行.
NOTIC: [8] Undefined index: ids D:\wamp\www\weicmsClear\Application\Common\Common\function.php 第 1262 行.
NOTIC: [8] Undefined index: ids D:\wamp\www\weicmsClear\Application\Common\Common\function.php 第 1262 行.
INFO: Run Behavior\ParseTemplateBehavior [ RunTime:0.057191s ]
INFO: [ view_parse ] --END-- [ RunTime:0.057372s ]
INFO: [ view_filter ] --START--
INFO: Run Behavior\WriteHtmlCacheBehavior [ RunTime:0.000865s ]
INFO: [ view_filter ] --END-- [ RunTime:0.001070s ]
INFO: [ app_end ] --START--
INFO: Run Behavior\ShowPageTraceBehavior [ RunTime:0.001051s ]
INFO: [ app_end ] --END-- [ RunTime:0.001245s ]

